<?xml version="1.0" encoding="UTF-8"?>
<testng-results ignored="0" total="1" passed="1" failed="0" skipped="0">
  <reporter-output>
  </reporter-output>
  <suite started-at="2021-03-09T07:09:39Z" name="inetbankingV1" finished-at="2021-03-09T07:09:50Z" duration-ms="10309">
    <groups>
    </groups>
    <test started-at="2021-03-09T07:09:39Z" name="BankingApp Test" finished-at="2021-03-09T07:09:50Z" duration-ms="10309">
      <class name="com.inetbanking.testcases.TC_LoginTest_001">
        <test-method is-config="true" signature="setup(java.lang.String)[pri:0, instance:com.inetbanking.testcases.TC_LoginTest_001@38d8f54a]" started-at="2021-03-09T07:09:40Z" name="setup" finished-at="2021-03-09T07:09:46Z" duration-ms="6346" status="PASS">
          <params>
            <param index="0">
              <value>
                <![CDATA[chrome]]>
              </value>
            </param>
          </params>
          <reporter-output>
          </reporter-output>
        </test-method> <!-- setup -->
        <test-method signature="loginTest()[pri:0, instance:com.inetbanking.testcases.TC_LoginTest_001@38d8f54a]" started-at="2021-03-09T07:09:46Z" name="loginTest" finished-at="2021-03-09T07:09:49Z" duration-ms="2398" status="PASS">
          <reporter-output>
          </reporter-output>
        </test-method> <!-- loginTest -->
        <test-method is-config="true" signature="teardown()[pri:0, instance:com.inetbanking.testcases.TC_LoginTest_001@38d8f54a]" started-at="2021-03-09T07:09:49Z" name="teardown" finished-at="2021-03-09T07:09:50Z" duration-ms="1120" status="PASS">
          <reporter-output>
          </reporter-output>
        </test-method> <!-- teardown -->
      </class> <!-- com.inetbanking.testcases.TC_LoginTest_001 -->
    </test> <!-- BankingApp Test -->
  </suite> <!-- inetbankingV1 -->
</testng-results>
