<?xml version="1.0" encoding="UTF-8"?>
<testng-results ignored="0" total="1" passed="1" failed="0" skipped="0">
  <reporter-output>
  </reporter-output>
  <suite started-at="2021-03-07T03:54:53Z" name="inetbankingV1" finished-at="2021-03-07T03:55:12Z" duration-ms="18841">
    <groups>
    </groups>
    <test started-at="2021-03-07T03:54:53Z" name="BankingApp Test" finished-at="2021-03-07T03:55:12Z" duration-ms="18841">
      <class name="com.inetbanking.testcases.TC_AddCustomerTest_003">
        <test-method is-config="true" signature="setup(java.lang.String)[pri:0, instance:com.inetbanking.testcases.TC_AddCustomerTest_003@32910148]" started-at="2021-03-07T03:54:53Z" name="setup" finished-at="2021-03-07T03:54:58Z" duration-ms="5086" status="PASS">
          <params>
            <param index="0">
              <value>
                <![CDATA[chrome]]>
              </value>
            </param>
          </params>
          <reporter-output>
          </reporter-output>
        </test-method> <!-- setup -->
        <test-method signature="addNewCustomer()[pri:0, instance:com.inetbanking.testcases.TC_AddCustomerTest_003@32910148]" started-at="2021-03-07T03:54:58Z" name="addNewCustomer" finished-at="2021-03-07T03:55:11Z" duration-ms="12713" status="PASS">
          <reporter-output>
          </reporter-output>
        </test-method> <!-- addNewCustomer -->
        <test-method is-config="true" signature="teardown()[pri:0, instance:com.inetbanking.testcases.TC_AddCustomerTest_003@32910148]" started-at="2021-03-07T03:55:11Z" name="teardown" finished-at="2021-03-07T03:55:12Z" duration-ms="793" status="PASS">
          <reporter-output>
          </reporter-output>
        </test-method> <!-- teardown -->
      </class> <!-- com.inetbanking.testcases.TC_AddCustomerTest_003 -->
    </test> <!-- BankingApp Test -->
  </suite> <!-- inetbankingV1 -->
</testng-results>
